#
# A fatal error has been detected by the Java Runtime Environment:
#
#  SIGSEGV (0xb) at pc=0x00007f0f00cd216a, pid=14068, tid=139703654565632
#
# JRE version: Java(TM) SE Runtime Environment (8.0_25-b17) (build 1.8.0_25-b17)
# Java VM: Java HotSpot(TM) 64-Bit Server VM (25.25-b02 mixed mode linux-amd64 compressed oops)
# Problematic frame:
# C  [i965_dri.so+0x1c716a]
#
# Failed to write core dump. Core dumps have been disabled. To enable core dumping, try "ulimit -c unlimited" before starting Java again
#
# If you would like to submit a bug report, please visit:
#   http://bugreport.sun.com/bugreport/crash.jsp
# The crash happened outside the Java Virtual Machine in native code.
# See problematic frame for where to report the bug.
#

---------------  T H R E A D  ---------------

Current thread (0x00007f0f640b9800):  JavaThread "JDWP Transport Listener: dt_socket" daemon [_thread_in_native, id=14086, stack(0x00007f0f4aa44000,0x00007f0f4ab45000)]

siginfo: si_signo: 11 (SIGSEGV), si_code: 1 (SEGV_MAPERR), si_addr: 0x0000000000000008

Registers:
RAX=0x00007f0f08211b50, RBX=0x0000000000000000, RCX=0x00007f0f08211b50, RDX=0x00007f0f0953df78
RSP=0x00007f0f4ab43880, RBP=0x00007f0f0953df78, RSI=0x00000000ffffffff, RDI=0x00007f0f08210ca0
R8 =0x0000000000000000, R9 =0x00007f0f081ca1c0, R10=0x00007f0f4ab436d0, R11=0x00007f0f693dd290
R12=0x0000000000000028, R13=0x00007f0f0953dce0, R14=0x00007f0f639bcd60, R15=0x000000000000000a
RIP=0x00007f0f00cd216a, EFLAGS=0x0000000000010206, CSGSFS=0x4a19000000000033, ERR=0x0000000000000006
  TRAPNO=0x000000000000000e

Top of Stack: (sp=0x00007f0f4ab43880)
0x00007f0f4ab43880:   00007f0f6975f6c8 00007f0f0953dce0
0x00007f0f4ab43890:   00007f0f6975f6c8 0000000000000001
0x00007f0f4ab438a0:   0000000001225640 00007f0f00cd21a9
0x00007f0f4ab438b0:   0000000000000001 00007f0f00d41095
0x00007f0f4ab438c0:   0000000000000001 00007f0f693dd259
0x00007f0f4ab438d0:   0000000000000000 0000000000000001
0x00007f0f4ab438e0:   00007f0f4ab43920 00007f0f4ab43990
0x00007f0f4ab438f0:   0000000000000001 00007f0f693dd2a5
0x00007f0f4ab43900:   0000000000000006 00007f0f63791d47
0x00007f0f4ab43910:   0000000000030b00 00007f0f4ab43b20
0x00007f0f4ab43920:   00007f0f4ab43950 00007f0f6378f2fd
0x00007f0f4ab43930:   0000000000000001 000000000000000a
0x00007f0f4ab43940:   0000000000000001 00000000000a0100
0x00007f0f4ab43950:   00007f0f4ab43ba0 00007f0f63794976
0x00007f0f4ab43960:   0001c6410000000f 00007f0f680a0100
0x00007f0f4ab43970:   00007f0f20001090 0000000000000000
0x00007f0f4ab43980:   00007f0f4ab43990 00007f0f4ab43b20
0x00007f0f4ab43990:   00007f0f4ab439e0 00007f0f0000012c
0x00007f0f4ab439a0:   00007f0f4ab439a8 0000000000000000
0x00007f0f4ab439b0:   00007f0f4ab439e0 0000000000000000
0x00007f0f4ab439c0:   00007f0100000000 0001c6410000000b
0x00007f0f4ab439d0:   00007f0f00003b80 00007f0f4ab439e0
0x00007f0f4ab439e0:   6176614a19000000 696c707041205846
0x00007f0f4ab439f0:   54206e6f69746163 1d72656461657268
0x00007f0f4ab43a00:   0600000000000000 000000001e010000
0x00007f0f4ab43a10:   2201000013000000 3000000000000000
0x00007f0f4ab43a20:   0000000024010000 2501000033000000
0x00007f0f4ab43a30:   3600000000000000 0000000027010000
0x00007f0f4ab43a40:   280100003a000000 3d00000000000000
0x00007f0f4ab43a50:   000000002a010000 2b01000040000000
0x00007f0f4ab43a60:   4300000000000000 000000002d010000
0x00007f0f4ab43a70:   3101000045000000 7400000000000000 

Instructions: (pc=0x00007f0f00cd216a)
0x00007f0f00cd214a:   04 4c 01 e8 48 8b 78 08 48 8d 68 08 48 39 ef 48
0x00007f0f00cd215a:   8b 1f 75 08 eb 25 48 89 df 48 89 d3 48 8b 57 08
0x00007f0f00cd216a:   48 89 53 08 48 8b 57 08 48 8b 0f 48 89 0a e8 73
0x00007f0f00cd217a:   7e e7 ff 48 39 dd 48 8b 13 75 db 41 83 c4 01 45 

Register to memory mapping:

RAX=0x00007f0f08211b50 is an unknown value
RBX=0x0000000000000000 is an unknown value
RCX=0x00007f0f08211b50 is an unknown value
RDX=0x00007f0f0953df78 is an unknown value
RSP=0x00007f0f4ab43880 is pointing into the stack for thread: 0x00007f0f640b9800
RBP=0x00007f0f0953df78 is an unknown value
RSI=0x00000000ffffffff is an unknown value
RDI=0x00007f0f08210ca0 is an unknown value
R8 =0x0000000000000000 is an unknown value
R9 =0x00007f0f081ca1c0 is an unknown value
R10=0x00007f0f4ab436d0 is pointing into the stack for thread: 0x00007f0f640b9800
R11=0x00007f0f693dd290: exit+0 in /lib/x86_64-linux-gnu/libc.so.6 at 0x00007f0f693a1000
R12=0x0000000000000028 is an unknown value
R13=0x00007f0f0953dce0 is an unknown value
R14=0x00007f0f639bcd60: <offset 0x239d60> in /usr/lib/jvm/jdk1.8.0_25/jre/lib/amd64/libjdwp.so at 0x00007f0f63783000
R15=0x000000000000000a is an unknown value


Stack: [0x00007f0f4aa44000,0x00007f0f4ab45000],  sp=0x00007f0f4ab43880,  free space=1022k
Native frames: (J=compiled Java code, j=interpreted, Vv=VM code, C=native code)
C  [i965_dri.so+0x1c716a]


---------------  P R O C E S S  ---------------

Java Threads: ( => current thread )
  0x00007f0f24001000 JavaThread "SIGTERM handler" daemon [_thread_blocked, id=19891, stack(0x00007f0f4a842000,0x00007f0f4a943000)]
  0x00007f0ee81c1800 JavaThread "Java Sound Event Dispatcher" daemon [_thread_blocked, id=14116, stack(0x00007f0ee7416000,0x00007f0ee7517000)]
  0x00007f0ee8266000 JavaThread "Prism Font Disposer" daemon [_thread_blocked, id=14105, stack(0x00007f0efc42b000,0x00007f0efc52c000)]
  0x00007f0f642cb000 JavaThread "JavaFX-Launcher" [_thread_blocked, id=14103, stack(0x00007f0efd187000,0x00007f0efd288000)]
  0x00007f0f642c6800 JavaThread "JavaFX Application Thread" [_thread_in_native, id=14101, stack(0x00007f0efd288000,0x00007f0efd389000)]
  0x00007f0f642c2800 JavaThread "Thread-1" daemon [_thread_blocked, id=14100, stack(0x00007f0f400ea000,0x00007f0f401eb000)]
  0x00007f0f640c9800 JavaThread "Service Thread" daemon [_thread_blocked, id=14095, stack(0x00007f0f4a43e000,0x00007f0f4a53f000)]
  0x00007f0f640c4000 JavaThread "C1 CompilerThread2" daemon [_thread_blocked, id=14094, stack(0x00007f0f4a53f000,0x00007f0f4a640000)]
  0x00007f0f640c2800 JavaThread "C2 CompilerThread1" daemon [_thread_blocked, id=14093, stack(0x00007f0f4a640000,0x00007f0f4a741000)]
  0x00007f0f640bf800 JavaThread "C2 CompilerThread0" daemon [_thread_blocked, id=14092, stack(0x00007f0f4a741000,0x00007f0f4a842000)]
  0x00007f0f640bd000 JavaThread "JDWP Event Helper Thread" daemon [_thread_blocked, id=14088, stack(0x00007f0f4a943000,0x00007f0f4aa44000)]
=>0x00007f0f640b9800 JavaThread "JDWP Transport Listener: dt_socket" daemon [_thread_in_native, id=14086, stack(0x00007f0f4aa44000,0x00007f0f4ab45000)]
  0x00007f0f640aa800 JavaThread "Signal Dispatcher" daemon [_thread_blocked, id=14083, stack(0x00007f0f4ad49000,0x00007f0f4ae4a000)]
  0x00007f0f6407e800 JavaThread "Finalizer" daemon [_thread_blocked, id=14081, stack(0x00007f0f4ae4a000,0x00007f0f4af4b000)]
  0x00007f0f6407c800 JavaThread "Reference Handler" daemon [_thread_blocked, id=14080, stack(0x00007f0f4af4b000,0x00007f0f4b04c000)]
  0x00007f0f6400c000 JavaThread "main" [_thread_blocked, id=14069, stack(0x00007f0f69e94000,0x00007f0f69f95000)]

Other Threads:
  0x00007f0f64075000 VMThread [stack: 0x00007f0f4b04c000,0x00007f0f4b14d000] [id=14079]

VM state:at safepoint (shutting down)

VM Mutex/Monitor currently owned by a thread:  ([mutex/lock_event])
[0x00007f0f64008460] Threads_lock - owner thread: 0x00007f0f64075000

Heap:
 PSYoungGen      total 229376K, used 196508K [0x00000000ec780000, 0x0000000100000000, 0x0000000100000000)
  eden space 167424K, 80% used [0x00000000ec780000,0x00000000f4b04ff8,0x00000000f6b00000)
  from space 61952K, 99% used [0x00000000f6b00000,0x00000000fa762010,0x00000000fa780000)
  to   space 82944K, 0% used [0x00000000faf00000,0x00000000faf00000,0x0000000100000000)
 ParOldGen       total 640512K, used 580339K [0x00000000c5600000, 0x00000000ec780000, 0x00000000ec780000)
  object space 640512K, 90% used [0x00000000c5600000,0x00000000e8cbcfc0,0x00000000ec780000)
 Metaspace       used 17758K, capacity 18420K, committed 18688K, reserved 1064960K
  class space    used 2340K, capacity 2515K, committed 2560K, reserved 1048576K

Card table byte_map: [0x00007f0f52eb1000,0x00007f0f53087000] byte_map_base: 0x00007f0f52886000

Marking Bits: (ParMarkBitMap*) 0x00007f0f693762c0
 Begin Bits: [0x00007f0f50d25000, 0x00007f0f51bcd000)
 End Bits:   [0x00007f0f51bcd000, 0x00007f0f52a75000)

Polling page: 0x00007f0f69fbc000

CodeCache: size=245760Kb used=16925Kb max_used=17136Kb free=228834Kb
 bounds [0x00007f0f53447000, 0x00007f0f54537000, 0x00007f0f62447000]
 total_blobs=5155 nmethods=4533 adapters=544
 compilation: enabled

Compilation events (10 events):
Event: 7145.820 Thread 0x00007f0f640c4000 6067       3       javafx.scene.control.Labeled$StyleableProperties$12::isSettable (9 bytes)
Event: 7145.821 Thread 0x00007f0f640c4000 nmethod 6067 0x00007f0f53a44f50 code [0x00007f0f53a450e0, 0x00007f0f53a45588]
Event: 7145.821 Thread 0x00007f0f640c4000 6068       3       javafx.scene.control.Labeled$StyleableProperties$12::isSettable (23 bytes)
Event: 7145.821 Thread 0x00007f0f640c4000 nmethod 6068 0x00007f0f539ce050 code [0x00007f0f539ce1c0, 0x00007f0f539ce4a8]
Event: 7145.821 Thread 0x00007f0f640c4000 6069       3       com.sun.javafx.scene.control.skin.LabeledText::getCssMetaData (4 bytes)
Event: 7145.821 Thread 0x00007f0f640c4000 nmethod 6069 0x00007f0f53573490 code [0x00007f0f53573600, 0x00007f0f535737b0]
Event: 7145.821 Thread 0x00007f0f640c4000 6070       3       com.sun.javafx.scene.control.skin.LabeledText::getClassCssMetaData (4 bytes)
Event: 7145.821 Thread 0x00007f0f640c4000 nmethod 6070 0x00007f0f53af1650 code [0x00007f0f53af17a0, 0x00007f0f53af18d0]
Event: 7178.004 Thread 0x00007f0f640bf800 6071       4       javafx.scene.layout.Region::layoutInArea (230 bytes)
Event: 7178.692 Thread 0x00007f0f640bf800 nmethod 6071 0x00007f0f5371e790 code [0x00007f0f5371ea20, 0x00007f0f5371fd68]

GC Heap History (10 events):
Event: 5747.322 GC heap before
{Heap before GC invocations=116 (full 15):
 PSYoungGen      total 267776K, used 253568K [0x00000000ec780000, 0x0000000100000000, 0x0000000100000000)
  eden space 219648K, 100% used [0x00000000ec780000,0x00000000f9e00000,0x00000000f9e00000)
  from space 48128K, 70% used [0x00000000fd100000,0x00000000ff220000,0x0000000100000000)
  to   space 50176K, 0% used [0x00000000f9e00000,0x00000000f9e00000,0x00000000fcf00000)
 ParOldGen       total 640512K, used 573563K [0x00000000c5600000, 0x00000000ec780000, 0x00000000ec780000)
  object space 640512K, 89% used [0x00000000c5600000,0x00000000e861efc0,0x00000000ec780000)
 Metaspace       used 17725K, capacity 18312K, committed 18432K, reserved 1064960K
  class space    used 2333K, capacity 2481K, committed 2560K, reserved 1048576K
Event: 5747.406 GC heap after
Heap after GC invocations=116 (full 15):
 PSYoungGen      total 260608K, used 40800K [0x00000000ec780000, 0x0000000100000000, 0x0000000100000000)
  eden space 219648K, 0% used [0x00000000ec780000,0x00000000ec780000,0x00000000f9e00000)
  from space 40960K, 99% used [0x00000000f9e00000,0x00000000fc5d8000,0x00000000fc600000)
  to   space 54784K, 0% used [0x00000000fca80000,0x00000000fca80000,0x0000000100000000)
 ParOldGen       total 640512K, used 573563K [0x00000000c5600000, 0x00000000ec780000, 0x00000000ec780000)
  object space 640512K, 89% used [0x00000000c5600000,0x00000000e861efc0,0x00000000ec780000)
 Metaspace       used 17725K, capacity 18312K, committed 18432K, reserved 1064960K
  class space    used 2333K, capacity 2481K, committed 2560K, reserved 1048576K
}
Event: 5747.622 GC heap before
{Heap before GC invocations=117 (full 15):
 PSYoungGen      total 260608K, used 260448K [0x00000000ec780000, 0x0000000100000000, 0x0000000100000000)
  eden space 219648K, 100% used [0x00000000ec780000,0x00000000f9e00000,0x00000000f9e00000)
  from space 40960K, 99% used [0x00000000f9e00000,0x00000000fc5d8000,0x00000000fc600000)
  to   space 54784K, 0% used [0x00000000fca80000,0x00000000fca80000,0x0000000100000000)
 ParOldGen       total 640512K, used 573563K [0x00000000c5600000, 0x00000000ec780000, 0x00000000ec780000)
  object space 640512K, 89% used [0x00000000c5600000,0x00000000e861efc0,0x00000000ec780000)
 Metaspace       used 17725K, capacity 18312K, committed 18432K, reserved 1064960K
  class space    used 2333K, capacity 2481K, committed 2560K, reserved 1048576K
Event: 5747.729 GC heap after
Heap after GC invocations=117 (full 15):
 PSYoungGen      total 252928K, used 47712K [0x00000000ec780000, 0x0000000100000000, 0x0000000100000000)
  eden space 198144K, 0% used [0x00000000ec780000,0x00000000ec780000,0x00000000f8900000)
  from space 54784K, 87% used [0x00000000fca80000,0x00000000ff918000,0x0000000100000000)
  to   space 60928K, 0% used [0x00000000f8900000,0x00000000f8900000,0x00000000fc480000)
 ParOldGen       total 640512K, used 573563K [0x00000000c5600000, 0x00000000ec780000, 0x00000000ec780000)
  object space 640512K, 89% used [0x00000000c5600000,0x00000000e861efc0,0x00000000ec780000)
 Metaspace       used 17725K, capacity 18312K, committed 18432K, reserved 1064960K
  class space    used 2333K, capacity 2481K, committed 2560K, reserved 1048576K
}
Event: 5747.926 GC heap before
{Heap before GC invocations=118 (full 15):
 PSYoungGen      total 252928K, used 245856K [0x00000000ec780000, 0x0000000100000000, 0x0000000100000000)
  eden space 198144K, 100% used [0x00000000ec780000,0x00000000f8900000,0x00000000f8900000)
  from space 54784K, 87% used [0x00000000fca80000,0x00000000ff918000,0x0000000100000000)
  to   space 60928K, 0% used [0x00000000f8900000,0x00000000f8900000,0x00000000fc480000)
 ParOldGen       total 640512K, used 573563K [0x00000000c5600000, 0x00000000ec780000, 0x00000000ec780000)
  object space 640512K, 89% used [0x00000000c5600000,0x00000000e861efc0,0x00000000ec780000)
 Metaspace       used 17725K, capacity 18312K, committed 18432K, reserved 1064960K
  class space    used 2333K, capacity 2481K, committed 2560K, reserved 1048576K
Event: 5748.053 GC heap after
Heap after GC invocations=118 (full 15):
 PSYoungGen      total 252416K, used 53984K [0x00000000ec780000, 0x0000000100000000, 0x0000000100000000)
  eden space 198144K, 0% used [0x00000000ec780000,0x00000000ec780000,0x00000000f8900000)
  from space 54272K, 99% used [0x00000000f8900000,0x00000000fbdb8000,0x00000000fbe00000)
  to   space 67584K, 0% used [0x00000000fbe00000,0x00000000fbe00000,0x0000000100000000)
 ParOldGen       total 640512K, used 573563K [0x00000000c5600000, 0x00000000ec780000, 0x00000000ec780000)
  object space 640512K, 89% used [0x00000000c5600000,0x00000000e861efc0,0x00000000ec780000)
 Metaspace       used 17725K, capacity 18312K, committed 18432K, reserved 1064960K
  class space    used 2333K, capacity 2481K, committed 2560K, reserved 1048576K
}
Event: 5748.670 GC heap before
{Heap before GC invocations=119 (full 15):
 PSYoungGen      total 252416K, used 252128K [0x00000000ec780000, 0x0000000100000000, 0x0000000100000000)
  eden space 198144K, 100% used [0x00000000ec780000,0x00000000f8900000,0x00000000f8900000)
  from space 54272K, 99% used [0x00000000f8900000,0x00000000fbdb8000,0x00000000fbe00000)
  to   space 67584K, 0% used [0x00000000fbe00000,0x00000000fbe00000,0x0000000100000000)
 ParOldGen       total 640512K, used 573563K [0x00000000c5600000, 0x00000000ec780000, 0x00000000ec780000)
  object space 640512K, 89% used [0x00000000c5600000,0x00000000e861efc0,0x00000000ec780000)
 Metaspace       used 17725K, capacity 18312K, committed 18432K, reserved 1064960K
  class space    used 2333K, capacity 2481K, committed 2560K, reserved 1048576K
Event: 5748.799 GC heap after
Heap after GC invocations=119 (full 15):
 PSYoungGen      total 235008K, used 61800K [0x00000000ec780000, 0x0000000100000000, 0x0000000100000000)
  eden space 167424K, 0% used [0x00000000ec780000,0x00000000ec780000,0x00000000f6b00000)
  from space 67584K, 91% used [0x00000000fbe00000,0x00000000ffa5a010,0x0000000100000000)
  to   space 76288K, 0% used [0x00000000f6b00000,0x00000000f6b00000,0x00000000fb580000)
 ParOldGen       total 640512K, used 580339K [0x00000000c5600000, 0x00000000ec780000, 0x00000000ec780000)
  object space 640512K, 90% used [0x00000000c5600000,0x00000000e8cbcfc0,0x00000000ec780000)
 Metaspace       used 17725K, capacity 18312K, committed 18432K, reserved 1064960K
  class space    used 2333K, capacity 2481K, committed 2560K, reserved 1048576K
}
Event: 5754.493 GC heap before
{Heap before GC invocations=120 (full 15):
 PSYoungGen      total 235008K, used 229224K [0x00000000ec780000, 0x0000000100000000, 0x0000000100000000)
  eden space 167424K, 100% used [0x00000000ec780000,0x00000000f6b00000,0x00000000f6b00000)
  from space 67584K, 91% used [0x00000000fbe00000,0x00000000ffa5a010,0x0000000100000000)
  to   space 76288K, 0% used [0x00000000f6b00000,0x00000000f6b00000,0x00000000fb580000)
 ParOldGen       total 640512K, used 580339K [0x00000000c5600000, 0x00000000ec780000, 0x00000000ec780000)
  object space 640512K, 90% used [0x00000000c5600000,0x00000000e8cbcfc0,0x00000000ec780000)
 Metaspace       used 17725K, capacity 18312K, committed 18432K, reserved 1064960K
  class space    used 2333K, capacity 2481K, committed 2560K, reserved 1048576K
Event: 5754.600 GC heap after
Heap after GC invocations=120 (full 15):
 PSYoungGen      total 229376K, used 61832K [0x00000000ec780000, 0x0000000100000000, 0x0000000100000000)
  eden space 167424K, 0% used [0x00000000ec780000,0x00000000ec780000,0x00000000f6b00000)
  from space 61952K, 99% used [0x00000000f6b00000,0x00000000fa762010,0x00000000fa780000)
  to   space 82944K, 0% used [0x00000000faf00000,0x00000000faf00000,0x0000000100000000)
 ParOldGen       total 640512K, used 580339K [0x00000000c5600000, 0x00000000ec780000, 0x00000000ec780000)
  object space 640512K, 90% used [0x00000000c5600000,0x00000000e8cbcfc0,0x00000000ec780000)
 Metaspace       used 17725K, capacity 18312K, committed 18432K, reserved 1064960K
  class space    used 2333K, capacity 2481K, committed 2560K, reserved 1048576K
}

Deoptimization events (10 events):
Event: 5379.050 Thread 0x00007f0f642c6800 Uncommon trap: reason=bimorphic action=maybe_recompile pc=0x00007f0f542e1e94 method=javafx.scene.Parent$1.onChanged(Ljavafx/collections/ListChangeListener$Change;)V @ 601
Event: 5654.897 Thread 0x00007f0f642c6800 Uncommon trap: reason=class_check action=maybe_recompile pc=0x00007f0f5367ee34 method=javafx.beans.property.StringPropertyBase.set(Ljava/lang/Object;)V @ 5
Event: 5654.921 Thread 0x00007f0f642c6800 Uncommon trap: reason=speculate_class_check action=maybe_recompile pc=0x00007f0f53a01f50 method=javafx.beans.property.StringPropertyBase.markInvalid()V @ 13
Event: 5654.947 Thread 0x00007f0f642c6800 Uncommon trap: reason=bimorphic action=maybe_recompile pc=0x00007f0f5430acd0 method=javafx.scene.Parent$2.onProposedChange(Ljava/util/List;[I)V @ 38
Event: 5654.948 Thread 0x00007f0f642c6800 Uncommon trap: reason=bimorphic action=maybe_recompile pc=0x00007f0f542e1e94 method=javafx.scene.Parent$1.onChanged(Ljavafx/collections/ListChangeListener$Change;)V @ 601
Event: 5757.553 Thread 0x00007f0f642c6800 Uncommon trap: reason=speculate_class_check action=maybe_recompile pc=0x00007f0f53a01f50 method=javafx.beans.property.StringPropertyBase.markInvalid()V @ 13
Event: 5757.573 Thread 0x00007f0f642c6800 Uncommon trap: reason=bimorphic action=maybe_recompile pc=0x00007f0f5430acd0 method=javafx.scene.Parent$2.onProposedChange(Ljava/util/List;[I)V @ 38
Event: 5757.573 Thread 0x00007f0f642c6800 Uncommon trap: reason=bimorphic action=maybe_recompile pc=0x00007f0f542e1e94 method=javafx.scene.Parent$1.onChanged(Ljavafx/collections/ListChangeListener$Change;)V @ 601
Event: 7272.166 Thread 0x00007f0f640aa800 Uncommon trap: reason=unreached action=reinterpret pc=0x00007f0f543dbcf4 method=java.security.AccessControlContext.optimize()Ljava/security/AccessControlContext; @ 65
Event: 7272.166 Thread 0x00007f0f640aa800 Uncommon trap: reason=unreached action=reinterpret pc=0x00007f0f54068120 method=java.security.AccessControlContext.combine([Ljava/security/ProtectionDomain;[Ljava/security/ProtectionDomain;)[Ljava/security/ProtectionDomain; @ 1

Internal exceptions (10 events):
Event: 5113.746 Thread 0x00007f0f6421c800 Implicit null exception at 0x00007f0f539468b6 to 0x00007f0f53946ad1
Event: 5113.746 Thread 0x00007f0f6421c800 Implicit null exception at 0x00007f0f53aa1270 to 0x00007f0f53aa12b5
Event: 5266.373 Thread 0x00007f0ee81c7000 Exception <a 'java/security/PrivilegedActionException'> (0x00000000f937ebf8) thrown at [/HUDSON/workspace/8-2-build-linux-amd64/jdk8u25/1514/hotspot/src/share/vm/prims/jvm.cpp, line 1312]
Event: 5266.417 Thread 0x00007f0ee81c7000 Implicit null exception at 0x00007f0f53ca38c1 to 0x00007f0f53ca3a09
Event: 5332.982 Thread 0x00007f0f642c6800 Exception <a 'java/security/PrivilegedActionException'> (0x00000000f90fece0) thrown at [/HUDSON/workspace/8-2-build-linux-amd64/jdk8u25/1514/hotspot/src/share/vm/prims/jvm.cpp, line 1312]
Event: 5898.164 Thread 0x00007f0f642c6800 Exception <a 'java/lang/ArrayIndexOutOfBoundsException'> (0x00000000f3b00b50) thrown at [/HUDSON/workspace/8-2-build-linux-amd64/jdk8u25/1514/hotspot/src/share/vm/oops/objArrayKlass.cpp, line 299]
Event: 7113.887 Thread 0x00007f0f642c6800 Exception <a 'java/lang/ArrayIndexOutOfBoundsException'> (0x00000000f3b00b50) thrown at [/HUDSON/workspace/8-2-build-linux-amd64/jdk8u25/1514/hotspot/src/share/vm/prims/jvm.cpp, line 1316]
Event: 7272.166 Thread 0x00007f0f640aa800 Implicit null exception at 0x00007f0f543db57c to 0x00007f0f543dbce5
Event: 7272.166 Thread 0x00007f0f640aa800 Implicit null exception at 0x00007f0f54067cd6 to 0x00007f0f54068111
Event: 7272.846 Thread 0x00007f0f20001800 Exception <a 'java/lang/IllegalStateException'> (0x00000000f47c56f8) thrown at [/HUDSON/workspace/8-2-build-linux-amd64/jdk8u25/1514/hotspot/src/share/vm/prims/jvm.cpp, line 1316]

